<?xml version="1.0" encoding="UTF-8"?>
<!-- Generated by org.testng.reporters.JUnitReportReporter -->
<testsuite skipped="0" hostname="LWANG1-6300" name="test.java.NewTest" tests="1" failures="0" timestamp="27 Jul 2017 19:51:30 GMT" time="0.001" errors="0">
  <testcase name="f" time="0.001" classname="test.java.NewTest"/>
</testsuite> <!-- test.java.NewTest -->
